{"/Users/Gurrehmat_Oberoi/idea-share-backend/models/idea.js": {"path":"/Users/Gurrehmat_Oberoi/idea-share-backend/models/idea.js","statementMap":{"0":{"start":{"line":3,"column":0},"end":{"line":30,"column":2}},"1":{"start":{"line":4,"column":15},"end":{"line":8,"column":8}},"2":{"start":{"line":12,"column":2},"end":{"line":18,"column":5}},"3":{"start":{"line":12,"column":49},"end":{"line":18,"column":4}},"4":{"start":{"line":20,"column":2},"end":{"line":28,"column":4}},"5":{"start":{"line":21,"column":28},"end":{"line":21,"column":42}},"6":{"start":{"line":22,"column":24},"end":{"line":26,"column":7}},"7":{"start":{"line":22,"column":59},"end":{"line":26,"column":5}},"8":{"start":{"line":27,"column":4},"end":{"line":27,"column":23}},"9":{"start":{"line":29,"column":2},"end":{"line":29,"column":14}}},"fnMap":{"0":{"name":"(anonymous_0)","decl":{"start":{"line":3,"column":17},"end":{"line":3,"column":18}},"loc":{"start":{"line":3,"column":43},"end":{"line":30,"column":1}},"line":3},"1":{"name":"(anonymous_1)","decl":{"start":{"line":12,"column":17},"end":{"line":12,"column":18}},"loc":{"start":{"line":12,"column":49},"end":{"line":18,"column":4}},"line":12},"2":{"name":"(anonymous_2)","decl":{"start":{"line":20,"column":21},"end":{"line":20,"column":22}},"loc":{"start":{"line":20,"column":27},"end":{"line":28,"column":3}},"line":20},"3":{"name":"(anonymous_3)","decl":{"start":{"line":22,"column":51},"end":{"line":22,"column":52}},"loc":{"start":{"line":22,"column":59},"end":{"line":26,"column":5}},"line":22}},"branchMap":{},"s":{"0":1,"1":1,"2":1,"3":4,"4":1,"5":1,"6":1,"7":2,"8":1,"9":1},"f":{"0":1,"1":4,"2":1,"3":2},"b":{},"_coverageSchema":"43e27e138ebf9cfc5966b082cf9a028302ed4184","hash":"79060d03fca3b6d1684c187059cd8b74859a9089"}
,"/Users/Gurrehmat_Oberoi/idea-share-backend/models/index.js": {"path":"/Users/Gurrehmat_Oberoi/idea-share-backend/models/index.js","statementMap":{"0":{"start":{"line":3,"column":11},"end":{"line":3,"column":24}},"1":{"start":{"line":4,"column":13},"end":{"line":4,"column":28}},"2":{"start":{"line":5,"column":18},"end":{"line":5,"column":38}},"3":{"start":{"line":6,"column":17},"end":{"line":6,"column":42}},"4":{"start":{"line":7,"column":12},"end":{"line":7,"column":49}},"5":{"start":{"line":8,"column":15},"end":{"line":8,"column":65}},"6":{"start":{"line":9,"column":11},"end":{"line":9,"column":13}},"7":{"start":{"line":12,"column":0},"end":{"line":16,"column":1}},"8":{"start":{"line":13,"column":2},"end":{"line":13,"column":74}},"9":{"start":{"line":15,"column":2},"end":{"line":15,"column":87}},"10":{"start":{"line":18,"column":0},"end":{"line":26,"column":5}},"11":{"start":{"line":21,"column":4},"end":{"line":21,"column":90}},"12":{"start":{"line":24,"column":18},"end":{"line":24,"column":65}},"13":{"start":{"line":25,"column":4},"end":{"line":25,"column":27}},"14":{"start":{"line":28,"column":0},"end":{"line":32,"column":3}},"15":{"start":{"line":29,"column":2},"end":{"line":31,"column":3}},"16":{"start":{"line":30,"column":4},"end":{"line":30,"column":32}},"17":{"start":{"line":34,"column":0},"end":{"line":34,"column":25}},"18":{"start":{"line":35,"column":0},"end":{"line":35,"column":25}},"19":{"start":{"line":37,"column":0},"end":{"line":37,"column":20}}},"fnMap":{"0":{"name":"(anonymous_0)","decl":{"start":{"line":20,"column":10},"end":{"line":20,"column":11}},"loc":{"start":{"line":20,"column":18},"end":{"line":22,"column":3}},"line":20},"1":{"name":"(anonymous_1)","decl":{"start":{"line":23,"column":11},"end":{"line":23,"column":12}},"loc":{"start":{"line":23,"column":19},"end":{"line":26,"column":3}},"line":23},"2":{"name":"(anonymous_2)","decl":{"start":{"line":28,"column":24},"end":{"line":28,"column":25}},"loc":{"start":{"line":28,"column":37},"end":{"line":32,"column":1}},"line":28}},"branchMap":{"0":{"loc":{"start":{"line":7,"column":12},"end":{"line":7,"column":49}},"type":"binary-expr","locations":[{"start":{"line":7,"column":12},"end":{"line":7,"column":32}},{"start":{"line":7,"column":36},"end":{"line":7,"column":49}}],"line":7},"1":{"loc":{"start":{"line":12,"column":0},"end":{"line":16,"column":1}},"type":"if","locations":[{"start":{"line":12,"column":0},"end":{"line":16,"column":1}},{"start":{"line":12,"column":0},"end":{"line":16,"column":1}}],"line":12},"2":{"loc":{"start":{"line":21,"column":11},"end":{"line":21,"column":89}},"type":"binary-expr","locations":[{"start":{"line":21,"column":12},"end":{"line":21,"column":35}},{"start":{"line":21,"column":41},"end":{"line":21,"column":58}},{"start":{"line":21,"column":64},"end":{"line":21,"column":88}}],"line":21},"3":{"loc":{"start":{"line":29,"column":2},"end":{"line":31,"column":3}},"type":"if","locations":[{"start":{"line":29,"column":2},"end":{"line":31,"column":3}},{"start":{"line":29,"column":2},"end":{"line":31,"column":3}}],"line":29}},"s":{"0":1,"1":1,"2":1,"3":1,"4":1,"5":1,"6":1,"7":1,"8":0,"9":1,"10":1,"11":2,"12":1,"13":1,"14":1,"15":1,"16":0,"17":1,"18":1,"19":1},"f":{"0":2,"1":1,"2":1},"b":{"0":[1,0],"1":[0,1],"2":[2,2,1],"3":[0,1]},"_coverageSchema":"43e27e138ebf9cfc5966b082cf9a028302ed4184","hash":"815664afb91299d8c0423561e3482f9ee16eaf88"}
}
