TN:
SF:/Users/Gurrehmat_Oberoi/idea-share-backend/server.js
FNF:0
FNH:0
DA:1,1
DA:2,1
DA:4,1
DA:9,1
DA:11,1
DA:12,0
DA:14,1
LF:7
LH:6
BRDA:11,0,0,0
BRDA:11,0,1,1
BRF:2
BRH:1
end_of_record
TN:
SF:/Users/Gurrehmat_Oberoi/idea-share-backend/models/idea.js
FN:3,(anonymous_0)
FN:12,(anonymous_1)
FN:20,(anonymous_2)
FN:22,(anonymous_3)
FNF:4
FNH:4
FNDA:2,(anonymous_0)
FNDA:4,(anonymous_1)
FNDA:1,(anonymous_2)
FNDA:2,(anonymous_3)
DA:3,2
DA:4,2
DA:12,4
DA:20,2
DA:21,1
DA:22,2
DA:27,1
DA:29,2
LF:8
LH:8
BRF:0
BRH:0
end_of_record
TN:
SF:/Users/Gurrehmat_Oberoi/idea-share-backend/models/index.js
FN:20,(anonymous_0)
FN:23,(anonymous_1)
FN:28,(anonymous_2)
FNF:3
FNH:3
FNDA:4,(anonymous_0)
FNDA:2,(anonymous_1)
FNDA:2,(anonymous_2)
DA:3,2
DA:4,2
DA:5,2
DA:6,2
DA:7,2
DA:8,2
DA:9,2
DA:12,2
DA:13,0
DA:15,2
DA:18,2
DA:21,4
DA:24,2
DA:25,2
DA:28,2
DA:29,2
DA:30,0
DA:34,2
DA:35,2
DA:37,2
LF:20
LH:18
BRDA:7,0,0,2
BRDA:7,0,1,0
BRDA:12,1,0,0
BRDA:12,1,1,2
BRDA:21,2,0,4
BRDA:21,2,1,4
BRDA:21,2,2,2
BRDA:29,3,0,0
BRDA:29,3,1,2
BRF:9
BRH:6
end_of_record
TN:
SF:/Users/Gurrehmat_Oberoi/idea-share-backend/src/routes/getIdeas.route.js
FN:6,(anonymous_0)
FNF:1
FNH:0
FNDA:0,(anonymous_0)
DA:1,1
DA:3,1
DA:6,0
LF:3
LH:2
BRF:0
BRH:0
end_of_record
TN:
SF:/Users/Gurrehmat_Oberoi/idea-share-backend/src/routes/index.js
FNF:0
FNH:0
DA:1,1
DA:2,1
DA:3,1
DA:5,1
LF:4
LH:4
BRF:0
BRH:0
end_of_record
TN:
SF:/Users/Gurrehmat_Oberoi/idea-share-backend/src/routes/ping.route.js
FN:4,(anonymous_0)
FNF:1
FNH:1
FNDA:1,(anonymous_0)
DA:1,1
DA:4,1
LF:2
LH:2
BRF:0
BRH:0
end_of_record
TN:
SF:/Users/Gurrehmat_Oberoi/idea-share-backend/src/routes/postIdea.route.js
FN:6,(anonymous_0)
FNF:1
FNH:0
FNDA:0,(anonymous_0)
DA:1,1
DA:3,1
DA:7,0
DA:8,0
LF:4
LH:2
BRF:0
BRH:0
end_of_record
